{"E:\\test\\tvmaze\\src\\App.vue": {"path":"E:\\test\\tvmaze\\src\\App.vue","statementMap":{"0":{"start":{"line":18,"column":0},"end":{"line":18,"column":null}},"1":{"start":{"line":19,"column":0},"end":{"line":19,"column":null}},"2":{"start":{"line":20,"column":0},"end":{"line":20,"column":null}},"3":{"start":{"line":34,"column":0},"end":{"line":34,"column":null}}},"fnMap":{"0":{"name":"(anonymous_1)","decl":{"start":{"line":33,"column":0},"end":{"line":33,"column":null}},"loc":{"start":{"line":33,"column":0},"end":{"line":35,"column":null}}}},"branchMap":{},"s":{"0":1,"1":1,"2":1,"3":1},"f":{"0":1},"b":{}}
,"E:\\test\\tvmaze\\src\\components\\CardsDisplay.vue": {"path":"E:\\test\\tvmaze\\src\\components\\CardsDisplay.vue","statementMap":{"0":{"start":{"line":23,"column":0},"end":{"line":23,"column":null}},"1":{"start":{"line":31,"column":0},"end":{"line":31,"column":null}},"2":{"start":{"line":40,"column":0},"end":{"line":40,"column":null}},"3":{"start":{"line":43,"column":0},"end":{"line":43,"column":null}}},"fnMap":{"0":{"name":"(anonymous_1)","decl":{"start":{"line":22,"column":0},"end":{"line":22,"column":null}},"loc":{"start":{"line":22,"column":0},"end":{"line":28,"column":null}}},"1":{"name":"(anonymous_2)","decl":{"start":{"line":30,"column":0},"end":{"line":30,"column":null}},"loc":{"start":{"line":30,"column":0},"end":{"line":36,"column":null}}},"2":{"name":"(anonymous_3)","decl":{"start":{"line":39,"column":0},"end":{"line":39,"column":null}},"loc":{"start":{"line":39,"column":0},"end":{"line":41,"column":null}}},"3":{"name":"(anonymous_4)","decl":{"start":{"line":42,"column":0},"end":{"line":42,"column":null}},"loc":{"start":{"line":42,"column":0},"end":{"line":44,"column":null}}}},"branchMap":{"0":{"loc":{"start":{"line":31,"column":0},"end":{"line":31,"column":null}},"type":"cond-expr","locations":[{"start":{"line":31,"column":0},"end":{"line":31,"column":null}},{"start":{"line":31,"column":0},"end":{"line":31,"column":null}}]},"1":{"loc":{"start":{"line":40,"column":0},"end":{"line":40,"column":null}},"type":"cond-expr","locations":[{"start":{"line":40,"column":0},"end":{"line":40,"column":null}},{"start":{"line":40,"column":0},"end":{"line":40,"column":null}}]}},"s":{"0":3,"1":3,"2":1,"3":1},"f":{"0":3,"1":3,"2":1,"3":1},"b":{"0":[3,0],"1":[1,0]}}
,"E:\\test\\tvmaze\\src\\components\\Category.vue": {"path":"E:\\test\\tvmaze\\src\\components\\Category.vue","statementMap":{"0":{"start":{"line":14,"column":0},"end":{"line":14,"column":null}},"1":{"start":{"line":15,"column":0},"end":{"line":15,"column":null}},"2":{"start":{"line":16,"column":0},"end":{"line":16,"column":null}},"3":{"start":{"line":21,"column":0},"end":{"line":21,"column":null}},"4":{"start":{"line":29,"column":0},"end":{"line":29,"column":null}}},"fnMap":{"0":{"name":"(anonymous_1)","decl":{"start":{"line":20,"column":0},"end":{"line":20,"column":null}},"loc":{"start":{"line":20,"column":0},"end":{"line":24,"column":null}}},"1":{"name":"(anonymous_2)","decl":{"start":{"line":28,"column":0},"end":{"line":28,"column":null}},"loc":{"start":{"line":28,"column":0},"end":{"line":30,"column":null}}}},"branchMap":{},"s":{"0":5,"1":5,"2":5,"3":3,"4":3},"f":{"0":3,"1":3},"b":{}}
,"E:\\test\\tvmaze\\src\\components\\Navbar.vue": {"path":"E:\\test\\tvmaze\\src\\components\\Navbar.vue","statementMap":{"0":{"start":{"line":27,"column":0},"end":{"line":27,"column":null}},"1":{"start":{"line":33,"column":0},"end":{"line":33,"column":null}}},"fnMap":{"0":{"name":"(anonymous_1)","decl":{"start":{"line":26,"column":0},"end":{"line":26,"column":null}},"loc":{"start":{"line":26,"column":0},"end":{"line":30,"column":null}}},"1":{"name":"(anonymous_2)","decl":{"start":{"line":32,"column":0},"end":{"line":32,"column":null}},"loc":{"start":{"line":32,"column":0},"end":{"line":34,"column":null}}}},"branchMap":{},"s":{"0":2,"1":1},"f":{"0":2,"1":1},"b":{}}
,"E:\\test\\tvmaze\\src\\components\\PageNotFound.vue": {"path":"E:\\test\\tvmaze\\src\\components\\PageNotFound.vue","statementMap":{"0":{"start":{"line":12,"column":0},"end":{"line":12,"column":null}},"1":{"start":{"line":15,"column":0},"end":{"line":15,"column":null}},"2":{"start":{"line":22,"column":0},"end":{"line":22,"column":null}},"3":{"start":{"line":23,"column":0},"end":{"line":23,"column":null}}},"fnMap":{"0":{"name":"(anonymous_1)","decl":{"start":{"line":14,"column":0},"end":{"line":14,"column":null}},"loc":{"start":{"line":14,"column":0},"end":{"line":18,"column":null}}},"1":{"name":"(anonymous_2)","decl":{"start":{"line":21,"column":0},"end":{"line":21,"column":null}},"loc":{"start":{"line":21,"column":0},"end":{"line":24,"column":null}}}},"branchMap":{},"s":{"0":7,"1":1,"2":0,"3":0},"f":{"0":1,"1":0},"b":{}}
,"E:\\test\\tvmaze\\src\\components\\Search.vue": {"path":"E:\\test\\tvmaze\\src\\components\\Search.vue","statementMap":{"0":{"start":{"line":15,"column":0},"end":{"line":15,"column":null}},"1":{"start":{"line":16,"column":0},"end":{"line":16,"column":null}},"2":{"start":{"line":17,"column":0},"end":{"line":17,"column":null}},"3":{"start":{"line":23,"column":0},"end":{"line":23,"column":null}},"4":{"start":{"line":37,"column":0},"end":{"line":37,"column":null}},"5":{"start":{"line":38,"column":0},"end":{"line":38,"column":null}},"6":{"start":{"line":39,"column":0},"end":{"line":39,"column":null}}},"fnMap":{"0":{"name":"(anonymous_1)","decl":{"start":{"line":22,"column":0},"end":{"line":22,"column":null}},"loc":{"start":{"line":22,"column":0},"end":{"line":29,"column":null}}},"1":{"name":"(anonymous_2)","decl":{"start":{"line":36,"column":0},"end":{"line":36,"column":null}},"loc":{"start":{"line":36,"column":0},"end":{"line":40,"column":null}}}},"branchMap":{},"s":{"0":5,"1":5,"2":5,"3":3,"4":3,"5":3,"6":3},"f":{"0":3,"1":3},"b":{}}
,"E:\\test\\tvmaze\\src\\components\\SingleView.vue": {"path":"E:\\test\\tvmaze\\src\\components\\SingleView.vue","statementMap":{"0":{"start":{"line":25,"column":0},"end":{"line":25,"column":null}},"1":{"start":{"line":29,"column":0},"end":{"line":29,"column":null}},"2":{"start":{"line":41,"column":0},"end":{"line":41,"column":null}},"3":{"start":{"line":45,"column":0},"end":{"line":45,"column":null}},"4":{"start":{"line":46,"column":0},"end":{"line":46,"column":null}},"5":{"start":{"line":47,"column":0},"end":{"line":47,"column":null}}},"fnMap":{"0":{"name":"(anonymous_1)","decl":{"start":{"line":28,"column":0},"end":{"line":28,"column":null}},"loc":{"start":{"line":28,"column":0},"end":{"line":34,"column":null}}},"1":{"name":"(anonymous_2)","decl":{"start":{"line":40,"column":0},"end":{"line":40,"column":null}},"loc":{"start":{"line":40,"column":0},"end":{"line":42,"column":null}}},"2":{"name":"(anonymous_3)","decl":{"start":{"line":44,"column":0},"end":{"line":44,"column":null}},"loc":{"start":{"line":44,"column":0},"end":{"line":48,"column":null}}}},"branchMap":{"0":{"loc":{"start":{"line":41,"column":0},"end":{"line":41,"column":null}},"type":"binary-expr","locations":[{"start":{"line":41,"column":0},"end":{"line":41,"column":null}},{"start":{"line":41,"column":0},"end":{"line":41,"column":null}}]}},"s":{"0":5,"1":1,"2":2,"3":1,"4":1,"5":1},"f":{"0":1,"1":2,"2":1},"b":{"0":[2,2]}}
,"E:\\test\\tvmaze\\src\\router\\index.js": {"path":"E:\\test\\tvmaze\\src\\router\\index.js","statementMap":{"0":{"start":{"line":9,"column":0},"end":{"line":9,"column":18}},"1":{"start":{"line":11,"column":15},"end":{"line":37,"column":1}},"2":{"start":{"line":39,"column":15},"end":{"line":46,"column":2}},"3":{"start":{"line":41,"column":4},"end":{"line":41,"column":26}}},"fnMap":{"0":{"name":"(anonymous_0)","decl":{"start":{"line":40,"column":2},"end":{"line":40,"column":3}},"loc":{"start":{"line":40,"column":19},"end":{"line":42,"column":3}},"line":40}},"branchMap":{},"s":{"0":4,"1":4,"2":4,"3":0},"f":{"0":0},"b":{},"_coverageSchema":"43e27e138ebf9cfc5966b082cf9a028302ed4184","hash":"47087de1ac399f378035e0da447d980a65838f27"}
,"E:\\test\\tvmaze\\src\\store\\index.js": {"path":"E:\\test\\tvmaze\\src\\store\\index.js","statementMap":{"0":{"start":{"line":5,"column":0},"end":{"line":5,"column":14}},"1":{"start":{"line":17,"column":6},"end":{"line":17,"column":24}},"2":{"start":{"line":20,"column":6},"end":{"line":20,"column":31}},"3":{"start":{"line":23,"column":6},"end":{"line":23,"column":27}},"4":{"start":{"line":26,"column":6},"end":{"line":26,"column":28}},"5":{"start":{"line":29,"column":6},"end":{"line":29,"column":25}},"6":{"start":{"line":32,"column":6},"end":{"line":32,"column":26}},"7":{"start":{"line":37,"column":6},"end":{"line":44,"column":11}},"8":{"start":{"line":40,"column":10},"end":{"line":40,"column":48}},"9":{"start":{"line":43,"column":10},"end":{"line":43,"column":41}},"10":{"start":{"line":43,"column":21},"end":{"line":43,"column":41}},"11":{"start":{"line":47,"column":22},"end":{"line":49,"column":8}},"12":{"start":{"line":48,"column":8},"end":{"line":48,"column":52}},"13":{"start":{"line":50,"column":6},"end":{"line":50,"column":37}},"14":{"start":{"line":51,"column":24},"end":{"line":51,"column":62}},"15":{"start":{"line":51,"column":43},"end":{"line":51,"column":54}},"16":{"start":{"line":52,"column":19},"end":{"line":52,"column":21}},"17":{"start":{"line":53,"column":6},"end":{"line":55,"column":9}},"18":{"start":{"line":54,"column":8},"end":{"line":54,"column":65}},"19":{"start":{"line":56,"column":25},"end":{"line":62,"column":8}},"20":{"start":{"line":57,"column":24},"end":{"line":57,"column":74}},"21":{"start":{"line":57,"column":46},"end":{"line":57,"column":73}},"22":{"start":{"line":58,"column":8},"end":{"line":60,"column":10}},"23":{"start":{"line":59,"column":10},"end":{"line":59,"column":62}},"24":{"start":{"line":61,"column":8},"end":{"line":61,"column":40}},"25":{"start":{"line":63,"column":6},"end":{"line":63,"column":42}},"26":{"start":{"line":66,"column":6},"end":{"line":80,"column":11}},"27":{"start":{"line":69,"column":10},"end":{"line":76,"column":11}},"28":{"start":{"line":70,"column":26},"end":{"line":72,"column":14}},"29":{"start":{"line":71,"column":14},"end":{"line":71,"column":31}},"30":{"start":{"line":73,"column":12},"end":{"line":73,"column":46}},"31":{"start":{"line":75,"column":12},"end":{"line":75,"column":32}},"32":{"start":{"line":79,"column":10},"end":{"line":79,"column":41}},"33":{"start":{"line":79,"column":21},"end":{"line":79,"column":41}},"34":{"start":{"line":83,"column":6},"end":{"line":90,"column":11}},"35":{"start":{"line":86,"column":10},"end":{"line":86,"column":44}},"36":{"start":{"line":89,"column":10},"end":{"line":89,"column":41}},"37":{"start":{"line":89,"column":21},"end":{"line":89,"column":41}},"38":{"start":{"line":94,"column":30},"end":{"line":97,"column":5}},"39":{"start":{"line":95,"column":23},"end":{"line":95,"column":79}},"40":{"start":{"line":95,"column":57},"end":{"line":95,"column":78}},"41":{"start":{"line":96,"column":6},"end":{"line":96,"column":31}}},"fnMap":{"0":{"name":"(anonymous_0)","decl":{"start":{"line":16,"column":4},"end":{"line":16,"column":5}},"loc":{"start":{"line":16,"column":26},"end":{"line":18,"column":5}},"line":16},"1":{"name":"(anonymous_1)","decl":{"start":{"line":19,"column":4},"end":{"line":19,"column":5}},"loc":{"start":{"line":19,"column":34},"end":{"line":21,"column":5}},"line":19},"2":{"name":"(anonymous_2)","decl":{"start":{"line":22,"column":4},"end":{"line":22,"column":5}},"loc":{"start":{"line":22,"column":29},"end":{"line":24,"column":5}},"line":22},"3":{"name":"(anonymous_3)","decl":{"start":{"line":25,"column":4},"end":{"line":25,"column":5}},"loc":{"start":{"line":25,"column":31},"end":{"line":27,"column":5}},"line":25},"4":{"name":"(anonymous_4)","decl":{"start":{"line":28,"column":4},"end":{"line":28,"column":5}},"loc":{"start":{"line":28,"column":21},"end":{"line":30,"column":5}},"line":28},"5":{"name":"(anonymous_5)","decl":{"start":{"line":31,"column":4},"end":{"line":31,"column":5}},"loc":{"start":{"line":31,"column":30},"end":{"line":33,"column":5}},"line":31},"6":{"name":"(anonymous_6)","decl":{"start":{"line":36,"column":4},"end":{"line":36,"column":5}},"loc":{"start":{"line":36,"column":41},"end":{"line":45,"column":5}},"line":36},"7":{"name":"(anonymous_7)","decl":{"start":{"line":39,"column":14},"end":{"line":39,"column":15}},"loc":{"start":{"line":39,"column":28},"end":{"line":41,"column":9}},"line":39},"8":{"name":"(anonymous_8)","decl":{"start":{"line":42,"column":15},"end":{"line":42,"column":16}},"loc":{"start":{"line":42,"column":26},"end":{"line":44,"column":9}},"line":42},"9":{"name":"(anonymous_9)","decl":{"start":{"line":46,"column":4},"end":{"line":46,"column":5}},"loc":{"start":{"line":46,"column":33},"end":{"line":64,"column":5}},"line":46},"10":{"name":"(anonymous_10)","decl":{"start":{"line":47,"column":34},"end":{"line":47,"column":35}},"loc":{"start":{"line":47,"column":44},"end":{"line":49,"column":7}},"line":47},"11":{"name":"(anonymous_11)","decl":{"start":{"line":51,"column":33},"end":{"line":51,"column":34}},"loc":{"start":{"line":51,"column":43},"end":{"line":51,"column":54}},"line":51},"12":{"name":"(anonymous_12)","decl":{"start":{"line":53,"column":32},"end":{"line":53,"column":33}},"loc":{"start":{"line":53,"column":43},"end":{"line":55,"column":7}},"line":53},"13":{"name":"(anonymous_13)","decl":{"start":{"line":56,"column":36},"end":{"line":56,"column":37}},"loc":{"start":{"line":56,"column":47},"end":{"line":62,"column":7}},"line":56},"14":{"name":"(anonymous_14)","decl":{"start":{"line":57,"column":36},"end":{"line":57,"column":37}},"loc":{"start":{"line":57,"column":46},"end":{"line":57,"column":73}},"line":57},"15":{"name":"(anonymous_15)","decl":{"start":{"line":58,"column":21},"end":{"line":58,"column":22}},"loc":{"start":{"line":59,"column":10},"end":{"line":59,"column":62}},"line":59},"16":{"name":"(anonymous_16)","decl":{"start":{"line":65,"column":4},"end":{"line":65,"column":5}},"loc":{"start":{"line":65,"column":43},"end":{"line":81,"column":5}},"line":65},"17":{"name":"(anonymous_17)","decl":{"start":{"line":68,"column":14},"end":{"line":68,"column":15}},"loc":{"start":{"line":68,"column":28},"end":{"line":77,"column":9}},"line":68},"18":{"name":"(anonymous_18)","decl":{"start":{"line":70,"column":44},"end":{"line":70,"column":45}},"loc":{"start":{"line":70,"column":54},"end":{"line":72,"column":13}},"line":70},"19":{"name":"(anonymous_19)","decl":{"start":{"line":78,"column":15},"end":{"line":78,"column":16}},"loc":{"start":{"line":78,"column":26},"end":{"line":80,"column":9}},"line":78},"20":{"name":"(anonymous_20)","decl":{"start":{"line":82,"column":4},"end":{"line":82,"column":5}},"loc":{"start":{"line":82,"column":38},"end":{"line":91,"column":5}},"line":82},"21":{"name":"(anonymous_21)","decl":{"start":{"line":85,"column":14},"end":{"line":85,"column":15}},"loc":{"start":{"line":85,"column":28},"end":{"line":87,"column":9}},"line":85},"22":{"name":"(anonymous_22)","decl":{"start":{"line":88,"column":15},"end":{"line":88,"column":16}},"loc":{"start":{"line":88,"column":26},"end":{"line":90,"column":9}},"line":88},"23":{"name":"(anonymous_23)","decl":{"start":{"line":94,"column":19},"end":{"line":94,"column":20}},"loc":{"start":{"line":94,"column":30},"end":{"line":97,"column":5}},"line":94},"24":{"name":"(anonymous_24)","decl":{"start":{"line":94,"column":30},"end":{"line":94,"column":31}},"loc":{"start":{"line":94,"column":39},"end":{"line":97,"column":5}},"line":94},"25":{"name":"(anonymous_25)","decl":{"start":{"line":95,"column":43},"end":{"line":95,"column":44}},"loc":{"start":{"line":95,"column":57},"end":{"line":95,"column":78}},"line":95}},"branchMap":{"0":{"loc":{"start":{"line":43,"column":10},"end":{"line":43,"column":41}},"type":"if","locations":[{"start":{"line":43,"column":10},"end":{"line":43,"column":41}},{"start":{"line":43,"column":10},"end":{"line":43,"column":41}}],"line":43},"1":{"loc":{"start":{"line":48,"column":15},"end":{"line":48,"column":51}},"type":"cond-expr","locations":[{"start":{"line":48,"column":42},"end":{"line":48,"column":46}},{"start":{"line":48,"column":49},"end":{"line":48,"column":51}}],"line":48},"2":{"loc":{"start":{"line":54,"column":15},"end":{"line":54,"column":64}},"type":"cond-expr","locations":[{"start":{"line":54,"column":41},"end":{"line":54,"column":59}},{"start":{"line":54,"column":62},"end":{"line":54,"column":64}}],"line":54},"3":{"loc":{"start":{"line":59,"column":10},"end":{"line":59,"column":62}},"type":"cond-expr","locations":[{"start":{"line":59,"column":56},"end":{"line":59,"column":57}},{"start":{"line":59,"column":60},"end":{"line":59,"column":62}}],"line":59},"4":{"loc":{"start":{"line":69,"column":10},"end":{"line":76,"column":11}},"type":"if","locations":[{"start":{"line":69,"column":10},"end":{"line":76,"column":11}},{"start":{"line":69,"column":10},"end":{"line":76,"column":11}}],"line":69},"5":{"loc":{"start":{"line":79,"column":10},"end":{"line":79,"column":41}},"type":"if","locations":[{"start":{"line":79,"column":10},"end":{"line":79,"column":41}},{"start":{"line":79,"column":10},"end":{"line":79,"column":41}}],"line":79},"6":{"loc":{"start":{"line":89,"column":10},"end":{"line":89,"column":41}},"type":"if","locations":[{"start":{"line":89,"column":10},"end":{"line":89,"column":41}},{"start":{"line":89,"column":10},"end":{"line":89,"column":41}}],"line":89}},"s":{"0":0,"1":0,"2":0,"3":0,"4":0,"5":0,"6":0,"7":0,"8":0,"9":0,"10":0,"11":0,"12":0,"13":0,"14":0,"15":0,"16":0,"17":0,"18":0,"19":0,"20":0,"21":0,"22":0,"23":0,"24":0,"25":0,"26":0,"27":0,"28":0,"29":0,"30":0,"31":0,"32":0,"33":0,"34":0,"35":0,"36":0,"37":0,"38":0,"39":0,"40":0,"41":0},"f":{"0":0,"1":0,"2":0,"3":0,"4":0,"5":0,"6":0,"7":0,"8":0,"9":0,"10":0,"11":0,"12":0,"13":0,"14":0,"15":0,"16":0,"17":0,"18":0,"19":0,"20":0,"21":0,"22":0,"23":0,"24":0,"25":0},"b":{"0":[0,0],"1":[0,0],"2":[0,0],"3":[0,0],"4":[0,0],"5":[0,0],"6":[0,0]},"hash":"c4ec77296831753032e5065c7482282b6f501e87"}
,"E:\\test\\tvmaze\\src\\views\\Home.vue": {"path":"E:\\test\\tvmaze\\src\\views\\Home.vue","statementMap":{"0":{"start":{"line":23,"column":0},"end":{"line":23,"column":null}},"1":{"start":{"line":24,"column":0},"end":{"line":24,"column":null}},"2":{"start":{"line":34,"column":0},"end":{"line":34,"column":null}},"3":{"start":{"line":37,"column":0},"end":{"line":37,"column":null}}},"fnMap":{"0":{"name":"(anonymous_1)","decl":{"start":{"line":33,"column":0},"end":{"line":33,"column":null}},"loc":{"start":{"line":33,"column":0},"end":{"line":35,"column":null}}},"1":{"name":"(anonymous_2)","decl":{"start":{"line":36,"column":0},"end":{"line":36,"column":null}},"loc":{"start":{"line":36,"column":0},"end":{"line":38,"column":null}}}},"branchMap":{},"s":{"0":5,"1":5,"2":1,"3":1},"f":{"0":1,"1":1},"b":{}}
}
