TN:
SF:E:\test\tvmaze\src\App.vue
FN:33,(anonymous_1)
FNF:1
FNH:1
FNDA:1,(anonymous_1)
DA:18,1
DA:19,1
DA:20,1
DA:34,1
LF:4
LH:4
BRF:0
BRH:0
end_of_record
TN:
SF:E:\test\tvmaze\src\components\CardsDisplay.vue
FN:22,(anonymous_1)
FN:30,(anonymous_2)
FN:39,(anonymous_3)
FN:42,(anonymous_4)
FNF:4
FNH:4
FNDA:3,(anonymous_1)
FNDA:3,(anonymous_2)
FNDA:1,(anonymous_3)
FNDA:1,(anonymous_4)
DA:23,3
DA:31,3
DA:40,1
DA:43,1
LF:4
LH:4
BRDA:31,0,0,3
BRDA:31,0,1,0
BRDA:40,1,0,1
BRDA:40,1,1,0
BRF:4
BRH:2
end_of_record
TN:
SF:E:\test\tvmaze\src\components\Category.vue
FN:20,(anonymous_1)
FN:28,(anonymous_2)
FNF:2
FNH:2
FNDA:3,(anonymous_1)
FNDA:3,(anonymous_2)
DA:14,5
DA:15,5
DA:16,5
DA:21,3
DA:29,3
LF:5
LH:5
BRF:0
BRH:0
end_of_record
TN:
SF:E:\test\tvmaze\src\components\Navbar.vue
FN:26,(anonymous_1)
FN:32,(anonymous_2)
FNF:2
FNH:2
FNDA:2,(anonymous_1)
FNDA:1,(anonymous_2)
DA:27,2
DA:33,1
LF:2
LH:2
BRF:0
BRH:0
end_of_record
TN:
SF:E:\test\tvmaze\src\components\PageNotFound.vue
FN:14,(anonymous_1)
FN:21,(anonymous_2)
FNF:2
FNH:1
FNDA:1,(anonymous_1)
FNDA:0,(anonymous_2)
DA:12,7
DA:15,1
DA:22,0
DA:23,0
LF:4
LH:2
BRF:0
BRH:0
end_of_record
TN:
SF:E:\test\tvmaze\src\components\Search.vue
FN:22,(anonymous_1)
FN:36,(anonymous_2)
FNF:2
FNH:2
FNDA:3,(anonymous_1)
FNDA:3,(anonymous_2)
DA:15,5
DA:16,5
DA:17,5
DA:23,3
DA:37,3
DA:38,3
DA:39,3
LF:7
LH:7
BRF:0
BRH:0
end_of_record
TN:
SF:E:\test\tvmaze\src\components\SingleView.vue
FN:28,(anonymous_1)
FN:40,(anonymous_2)
FN:44,(anonymous_3)
FNF:3
FNH:3
FNDA:1,(anonymous_1)
FNDA:2,(anonymous_2)
FNDA:1,(anonymous_3)
DA:25,5
DA:29,1
DA:41,2
DA:45,1
DA:46,1
DA:47,1
LF:6
LH:6
BRDA:41,0,0,2
BRDA:41,0,1,2
BRF:2
BRH:2
end_of_record
TN:
SF:E:\test\tvmaze\src\router\index.js
FN:40,(anonymous_0)
FNF:1
FNH:0
FNDA:0,(anonymous_0)
DA:9,4
DA:11,4
DA:39,4
DA:41,0
LF:4
LH:3
BRF:0
BRH:0
end_of_record
TN:
SF:E:\test\tvmaze\src\store\index.js
FN:16,(anonymous_0)
FN:19,(anonymous_1)
FN:22,(anonymous_2)
FN:25,(anonymous_3)
FN:28,(anonymous_4)
FN:31,(anonymous_5)
FN:36,(anonymous_6)
FN:39,(anonymous_7)
FN:42,(anonymous_8)
FN:46,(anonymous_9)
FN:47,(anonymous_10)
FN:51,(anonymous_11)
FN:53,(anonymous_12)
FN:56,(anonymous_13)
FN:57,(anonymous_14)
FN:58,(anonymous_15)
FN:65,(anonymous_16)
FN:68,(anonymous_17)
FN:70,(anonymous_18)
FN:78,(anonymous_19)
FN:82,(anonymous_20)
FN:85,(anonymous_21)
FN:88,(anonymous_22)
FN:94,(anonymous_23)
FN:94,(anonymous_24)
FN:95,(anonymous_25)
FNF:26
FNH:0
FNDA:0,(anonymous_0)
FNDA:0,(anonymous_1)
FNDA:0,(anonymous_2)
FNDA:0,(anonymous_3)
FNDA:0,(anonymous_4)
FNDA:0,(anonymous_5)
FNDA:0,(anonymous_6)
FNDA:0,(anonymous_7)
FNDA:0,(anonymous_8)
FNDA:0,(anonymous_9)
FNDA:0,(anonymous_10)
FNDA:0,(anonymous_11)
FNDA:0,(anonymous_12)
FNDA:0,(anonymous_13)
FNDA:0,(anonymous_14)
FNDA:0,(anonymous_15)
FNDA:0,(anonymous_16)
FNDA:0,(anonymous_17)
FNDA:0,(anonymous_18)
FNDA:0,(anonymous_19)
FNDA:0,(anonymous_20)
FNDA:0,(anonymous_21)
FNDA:0,(anonymous_22)
FNDA:0,(anonymous_23)
FNDA:0,(anonymous_24)
FNDA:0,(anonymous_25)
DA:5,0
DA:17,0
DA:20,0
DA:23,0
DA:26,0
DA:29,0
DA:32,0
DA:37,0
DA:40,0
DA:43,0
DA:47,0
DA:48,0
DA:50,0
DA:51,0
DA:52,0
DA:53,0
DA:54,0
DA:56,0
DA:57,0
DA:58,0
DA:59,0
DA:61,0
DA:63,0
DA:66,0
DA:69,0
DA:70,0
DA:71,0
DA:73,0
DA:75,0
DA:79,0
DA:83,0
DA:86,0
DA:89,0
DA:94,0
DA:95,0
DA:96,0
LF:36
LH:0
BRDA:43,0,0,0
BRDA:43,0,1,0
BRDA:48,1,0,0
BRDA:48,1,1,0
BRDA:54,2,0,0
BRDA:54,2,1,0
BRDA:59,3,0,0
BRDA:59,3,1,0
BRDA:69,4,0,0
BRDA:69,4,1,0
BRDA:79,5,0,0
BRDA:79,5,1,0
BRDA:89,6,0,0
BRDA:89,6,1,0
BRF:14
BRH:0
end_of_record
TN:
SF:E:\test\tvmaze\src\views\Home.vue
FN:33,(anonymous_1)
FN:36,(anonymous_2)
FNF:2
FNH:2
FNDA:1,(anonymous_1)
FNDA:1,(anonymous_2)
DA:23,5
DA:24,5
DA:34,1
DA:37,1
LF:4
LH:4
BRF:0
BRH:0
end_of_record
